<?xml version="1.0" encoding="UTF-8"?>
<!-- Generated by org.testng.reporters.JUnitReportReporter -->
<testsuite hostname="SABTHIKA" failures="0" tests="24" name="runner.TestRunner" time="1293.165" errors="0" timestamp="2025-09-12T19:55:54 IST" skipped="0">
  <testcase classname="runner.TestRunner" name="runScenario" time="41.015"/>
  <testcase classname="runner.TestRunner" name="runScenario" time="68.379"/>
  <testcase classname="runner.TestRunner" name="runScenario" time="67.428"/>
  <testcase classname="runner.TestRunner" name="runScenario" time="47.256"/>
  <testcase classname="runner.TestRunner" name="runScenario" time="46.011"/>
  <testcase classname="runner.TestRunner" name="runScenario" time="61.856"/>
  <testcase classname="runner.TestRunner" name="runScenario" time="37.697"/>
  <testcase classname="runner.TestRunner" name="runScenario" time="46.415"/>
  <testcase classname="runner.TestRunner" name="runScenario" time="165.279"/>
  <testcase classname="runner.TestRunner" name="runScenario" time="7.095"/>
  <testcase classname="runner.TestRunner" name="runScenario" time="37.794"/>
  <testcase classname="runner.TestRunner" name="runScenario" time="11.170"/>
  <testcase classname="runner.TestRunner" name="runScenario" time="46.426"/>
  <testcase classname="runner.TestRunner" name="runScenario" time="56.380"/>
  <testcase classname="runner.TestRunner" name="runScenario" time="61.707"/>
  <testcase classname="runner.TestRunner" name="runScenario" time="82.409"/>
  <testcase classname="runner.TestRunner" name="runScenario" time="51.738"/>
  <testcase classname="runner.TestRunner" name="runScenario" time="61.789"/>
  <testcase classname="runner.TestRunner" name="runScenario" time="46.623"/>
  <testcase classname="runner.TestRunner" name="runScenario" time="67.543"/>
  <testcase classname="runner.TestRunner" name="runScenario" time="61.826"/>
  <testcase classname="runner.TestRunner" name="runScenario" time="18.927"/>
  <testcase classname="runner.TestRunner" name="runScenario" time="72.847"/>
  <testcase classname="runner.TestRunner" name="runScenario" time="27.555"/>
</testsuite> <!-- runner.TestRunner -->
